# JRE version: Java(TM) SE Runtime Environment (24.0.1+9) (build 24.0.1+9-30)
# Java VM: Java HotSpot(TM) 64-Bit Server VM (24.0.1+9-30, mixed mode, sharing, tiered, compressed oops, compressed class ptrs, g1 gc, windows-amd64)
GC Precious Log:
 CardTable entry size: 512
 Card Set container configuration: InlinePtr #cards 4 size 8 Array Of Cards #cards 32 size 80 Howl #buckets 8 coarsen threshold 7372 Howl Bitmap #cards 1024 size 144 coarsen threshold 921 Card regions per heap region 1 cards per card region 8192
 CPUs: 20 total, 20 available
 Memory: 32535M
 Large Page Support: Disabled
 NUMA Support: Disabled
 Compressed Oops: Enabled (Zero based)
 Heap Region Size: 4M
 Heap Min Capacity: 8M
 Heap Initial Capacity: 512M
 Heap Max Capacity: 8136M
 Pre-touch: Disabled
 Parallel Workers: 15
 Concurrent Workers: 4
 Concurrent Refinement Workers: 15
 Periodic GC: Disabled
Heap:
 garbage-first heap   total reserved 8331264K, committed 86016K, used 32958K [0x0000000603800000, 0x0000000800000000)
  region size 4096K, 10 young (40960K), 4 survivors (16384K)
 Metaspace       used 23793K, committed 24192K, reserved 1114112K
  class space    used 2583K, committed 2752K, reserved 1048576K
GC Heap History (6 events):
Event: 0.488 GC heap before
{Heap before GC invocations=0 (full 0):
 garbage-first heap   total reserved 8331264K, committed 528384K, used 46196K [0x0000000603800000, 0x0000000800000000)
  region size 4096K, 12 young (49152K), 0 survivors (0K)
 Metaspace       used 8286K, committed 8512K, reserved 1114112K
  class space    used 736K, committed 832K, reserved 1048576K
}
Event: 0.491 GC heap after
{Heap after GC invocations=1 (full 0):
 garbage-first heap   total reserved 8331264K, committed 528384K, used 8806K [0x0000000603800000, 0x0000000800000000)
  region size 4096K, 2 young (8192K), 2 survivors (8192K)
 Metaspace       used 8286K, committed 8512K, reserved 1114112K
  class space    used 736K, committed 832K, reserved 1048576K
}
Event: 2.859 GC heap before
{Heap before GC invocations=1 (full 0):
 garbage-first heap   total reserved 8331264K, committed 528384K, used 62054K [0x0000000603800000, 0x0000000800000000)
  region size 4096K, 17 young (69632K), 2 survivors (8192K)
 Metaspace       used 21191K, committed 21504K, reserved 1114112K
  class space    used 2275K, committed 2432K, reserved 1048576K
}
Event: 2.868 GC heap after
{Heap after GC invocations=2 (full 0):
 garbage-first heap   total reserved 8331264K, committed 528384K, used 14366K [0x0000000603800000, 0x0000000800000000)
  region size 4096K, 4 young (16384K), 4 survivors (16384K)
 Metaspace       used 21191K, committed 21504K, reserved 1114112K
  class space    used 2275K, committed 2432K, reserved 1048576K
}
Event: 3.153 GC heap before
{Heap before GC invocations=3 (full 0):
 garbage-first heap   total reserved 8331264K, committed 69632K, used 59422K [0x0000000603800000, 0x0000000800000000)
  region size 4096K, 16 young (65536K), 4 survivors (16384K)
 Metaspace       used 23440K, committed 23744K, reserved 1114112K
  class space    used 2560K, committed 2688K, reserved 1048576K
}
Event: 3.156 GC heap after
{Heap after GC invocations=4 (full 0):
 garbage-first heap   total reserved 8331264K, committed 86016K, used 16574K [0x0000000603800000, 0x0000000800000000)
  region size 4096K, 4 young (16384K), 4 survivors (16384K)
 Metaspace       used 23440K, committed 23744K, reserved 1114112K
  class space    used 2560K, committed 2688K, reserved 1048576K
}

